{"C:\\Users\\Alejandra\\Documents\\Laboratoria\\LIM010-fe-md-links-ale\\src\\files-path.js": {"path":"C:\\Users\\Alejandra\\Documents\\Laboratoria\\LIM010-fe-md-links-ale\\src\\files-path.js","statementMap":{"0":{"start":{"line":1,"column":13},"end":{"line":1,"column":28}},"1":{"start":{"line":2,"column":11},"end":{"line":2,"column":24}},"2":{"start":{"line":4,"column":31},"end":{"line":11,"column":1}},"3":{"start":{"line":5,"column":2},"end":{"line":10,"column":3}},"4":{"start":{"line":6,"column":4},"end":{"line":6,"column":42}},"5":{"start":{"line":7,"column":4},"end":{"line":7,"column":16}},"6":{"start":{"line":9,"column":4},"end":{"line":9,"column":17}},"7":{"start":{"line":13,"column":31},"end":{"line":13,"column":106}},"8":{"start":{"line":13,"column":45},"end":{"line":13,"column":105}},"9":{"start":{"line":15,"column":24},"end":{"line":22,"column":1}},"10":{"start":{"line":16,"column":2},"end":{"line":20,"column":3}},"11":{"start":{"line":17,"column":4},"end":{"line":19,"column":5}},"12":{"start":{"line":18,"column":6},"end":{"line":18,"column":18}},"13":{"start":{"line":21,"column":2},"end":{"line":21,"column":15}},"14":{"start":{"line":24,"column":27},"end":{"line":24,"column":74}},"15":{"start":{"line":24,"column":40},"end":{"line":24,"column":74}},"16":{"start":{"line":26,"column":36},"end":{"line":34,"column":1}},"17":{"start":{"line":27,"column":24},"end":{"line":27,"column":26}},"18":{"start":{"line":28,"column":2},"end":{"line":32,"column":5}},"19":{"start":{"line":29,"column":4},"end":{"line":31,"column":5}},"20":{"start":{"line":30,"column":6},"end":{"line":30,"column":31}},"21":{"start":{"line":33,"column":2},"end":{"line":33,"column":23}}},"fnMap":{"0":{"name":"(anonymous_0)","decl":{"start":{"line":4,"column":31},"end":{"line":4,"column":32}},"loc":{"start":{"line":4,"column":40},"end":{"line":11,"column":1}},"line":4},"1":{"name":"(anonymous_1)","decl":{"start":{"line":13,"column":31},"end":{"line":13,"column":32}},"loc":{"start":{"line":13,"column":45},"end":{"line":13,"column":105}},"line":13},"2":{"name":"(anonymous_2)","decl":{"start":{"line":15,"column":24},"end":{"line":15,"column":25}},"loc":{"start":{"line":15,"column":37},"end":{"line":22,"column":1}},"line":15},"3":{"name":"(anonymous_3)","decl":{"start":{"line":24,"column":27},"end":{"line":24,"column":28}},"loc":{"start":{"line":24,"column":40},"end":{"line":24,"column":74}},"line":24},"4":{"name":"(anonymous_4)","decl":{"start":{"line":26,"column":36},"end":{"line":26,"column":37}},"loc":{"start":{"line":26,"column":54},"end":{"line":34,"column":1}},"line":26},"5":{"name":"(anonymous_5)","decl":{"start":{"line":28,"column":23},"end":{"line":28,"column":24}},"loc":{"start":{"line":28,"column":33},"end":{"line":32,"column":3}},"line":28}},"branchMap":{"0":{"loc":{"start":{"line":13,"column":45},"end":{"line":13,"column":105}},"type":"cond-expr","locations":[{"start":{"line":13,"column":74},"end":{"line":13,"column":81}},{"start":{"line":13,"column":84},"end":{"line":13,"column":105}}],"line":13},"1":{"loc":{"start":{"line":16,"column":2},"end":{"line":20,"column":3}},"type":"if","locations":[{"start":{"line":16,"column":2},"end":{"line":20,"column":3}},{"start":{"line":16,"column":2},"end":{"line":20,"column":3}}],"line":16},"2":{"loc":{"start":{"line":17,"column":4},"end":{"line":19,"column":5}},"type":"if","locations":[{"start":{"line":17,"column":4},"end":{"line":19,"column":5}},{"start":{"line":17,"column":4},"end":{"line":19,"column":5}}],"line":17},"3":{"loc":{"start":{"line":29,"column":4},"end":{"line":31,"column":5}},"type":"if","locations":[{"start":{"line":29,"column":4},"end":{"line":31,"column":5}},{"start":{"line":29,"column":4},"end":{"line":31,"column":5}}],"line":29},"4":{"loc":{"start":{"line":29,"column":8},"end":{"line":29,"column":102}},"type":"binary-expr","locations":[{"start":{"line":29,"column":8},"end":{"line":29,"column":50}},{"start":{"line":29,"column":54},"end":{"line":29,"column":102}}],"line":29}},"s":{"0":1,"1":1,"2":1,"3":2,"4":2,"5":1,"6":1,"7":1,"8":2,"9":1,"10":2,"11":2,"12":1,"13":1,"14":1,"15":2,"16":1,"17":1,"18":1,"19":8,"20":3,"21":1},"f":{"0":2,"1":2,"2":2,"3":2,"4":1,"5":8},"b":{"0":[1,1],"1":[2,0],"2":[1,1],"3":[3,5],"4":[8,5]},"_coverageSchema":"43e27e138ebf9cfc5966b082cf9a028302ed4184","hash":"450239d5b86959133d531bd208c6256a1ca81048"}
,"C:\\Users\\Alejandra\\Documents\\Laboratoria\\LIM010-fe-md-links-ale\\test\\file-structure.js": {"path":"C:\\Users\\Alejandra\\Documents\\Laboratoria\\LIM010-fe-md-links-ale\\test\\file-structure.js","statementMap":{"0":{"start":{"line":1,"column":33},"end":{"line":10,"column":1}},"1":{"start":{"line":12,"column":23},"end":{"line":16,"column":1}},"2":{"start":{"line":18,"column":26},"end":{"line":54,"column":1}},"3":{"start":{"line":56,"column":29},"end":{"line":92,"column":1}},"4":{"start":{"line":94,"column":33},"end":{"line":144,"column":1}}},"fnMap":{},"branchMap":{},"s":{"0":1,"1":1,"2":1,"3":1,"4":1},"f":{},"b":{},"_coverageSchema":"43e27e138ebf9cfc5966b082cf9a028302ed4184","hash":"b1ddef76947944be2100ed1cafab106ed9ebfd29"}
}
