{"C:\\Users\\Alejandra\\Documents\\Laboratoria\\LIM010-fe-md-links\\src\\files-path.js": {"path":"C:\\Users\\Alejandra\\Documents\\Laboratoria\\LIM010-fe-md-links\\src\\files-path.js","statementMap":{"0":{"start":{"line":1,"column":13},"end":{"line":1,"column":28}},"1":{"start":{"line":2,"column":11},"end":{"line":2,"column":24}},"2":{"start":{"line":4,"column":33},"end":{"line":11,"column":1}},"3":{"start":{"line":5,"column":2},"end":{"line":10,"column":3}},"4":{"start":{"line":6,"column":4},"end":{"line":6,"column":42}},"5":{"start":{"line":7,"column":4},"end":{"line":7,"column":16}},"6":{"start":{"line":9,"column":4},"end":{"line":9,"column":17}},"7":{"start":{"line":13,"column":28},"end":{"line":27,"column":1}},"8":{"start":{"line":14,"column":17},"end":{"line":14,"column":19}},"9":{"start":{"line":15,"column":20},"end":{"line":15,"column":22}},"10":{"start":{"line":16,"column":18},"end":{"line":16,"column":20}},"11":{"start":{"line":17,"column":2},"end":{"line":25,"column":5}},"12":{"start":{"line":18,"column":4},"end":{"line":20,"column":47}},"13":{"start":{"line":21,"column":4},"end":{"line":23,"column":49}},"14":{"start":{"line":24,"column":4},"end":{"line":24,"column":45}},"15":{"start":{"line":26,"column":2},"end":{"line":26,"column":27}},"16":{"start":{"line":29,"column":36},"end":{"line":37,"column":1}},"17":{"start":{"line":30,"column":24},"end":{"line":30,"column":26}},"18":{"start":{"line":31,"column":2},"end":{"line":35,"column":5}},"19":{"start":{"line":32,"column":4},"end":{"line":34,"column":5}},"20":{"start":{"line":33,"column":6},"end":{"line":33,"column":31}},"21":{"start":{"line":36,"column":2},"end":{"line":36,"column":23}}},"fnMap":{"0":{"name":"(anonymous_0)","decl":{"start":{"line":4,"column":33},"end":{"line":4,"column":34}},"loc":{"start":{"line":4,"column":42},"end":{"line":11,"column":1}},"line":4},"1":{"name":"(anonymous_1)","decl":{"start":{"line":13,"column":28},"end":{"line":13,"column":29}},"loc":{"start":{"line":13,"column":37},"end":{"line":27,"column":1}},"line":13},"2":{"name":"(anonymous_2)","decl":{"start":{"line":17,"column":30},"end":{"line":17,"column":31}},"loc":{"start":{"line":17,"column":40},"end":{"line":25,"column":3}},"line":17},"3":{"name":"(anonymous_3)","decl":{"start":{"line":29,"column":36},"end":{"line":29,"column":37}},"loc":{"start":{"line":29,"column":54},"end":{"line":37,"column":1}},"line":29},"4":{"name":"(anonymous_4)","decl":{"start":{"line":31,"column":23},"end":{"line":31,"column":24}},"loc":{"start":{"line":31,"column":33},"end":{"line":35,"column":3}},"line":31}},"branchMap":{"0":{"loc":{"start":{"line":18,"column":16},"end":{"line":20,"column":46}},"type":"cond-expr","locations":[{"start":{"line":19,"column":8},"end":{"line":19,"column":42}},{"start":{"line":20,"column":8},"end":{"line":20,"column":46}}],"line":18},"1":{"loc":{"start":{"line":21,"column":18},"end":{"line":23,"column":48}},"type":"cond-expr","locations":[{"start":{"line":22,"column":8},"end":{"line":22,"column":42}},{"start":{"line":23,"column":8},"end":{"line":23,"column":48}}],"line":21},"2":{"loc":{"start":{"line":32,"column":4},"end":{"line":34,"column":5}},"type":"if","locations":[{"start":{"line":32,"column":4},"end":{"line":34,"column":5}},{"start":{"line":32,"column":4},"end":{"line":34,"column":5}}],"line":32},"3":{"loc":{"start":{"line":32,"column":8},"end":{"line":32,"column":102}},"type":"binary-expr","locations":[{"start":{"line":32,"column":8},"end":{"line":32,"column":50}},{"start":{"line":32,"column":54},"end":{"line":32,"column":102}}],"line":32}},"s":{"0":1,"1":1,"2":1,"3":2,"4":2,"5":1,"6":1,"7":1,"8":3,"9":3,"10":3,"11":3,"12":5,"13":5,"14":3,"15":1,"16":1,"17":1,"18":1,"19":8,"20":3,"21":1},"f":{"0":2,"1":3,"2":5,"3":1,"4":8},"b":{"0":[0,5],"1":[2,3],"2":[3,5],"3":[8,5]},"_coverageSchema":"43e27e138ebf9cfc5966b082cf9a028302ed4184","hash":"39ad8d57f5a40ee17ac8809b87c91d6d835365b6"}
,"C:\\Users\\Alejandra\\Documents\\Laboratoria\\LIM010-fe-md-links\\test\\file-structure.js": {"path":"C:\\Users\\Alejandra\\Documents\\Laboratoria\\LIM010-fe-md-links\\test\\file-structure.js","statementMap":{"0":{"start":{"line":1,"column":33},"end":{"line":10,"column":1}},"1":{"start":{"line":12,"column":23},"end":{"line":16,"column":1}}},"fnMap":{},"branchMap":{},"s":{"0":1,"1":1},"f":{},"b":{},"_coverageSchema":"43e27e138ebf9cfc5966b082cf9a028302ed4184","hash":"5febd1dc86b011cdef3bc95218222a88b84ea4e0"}
}
