TN:
SF:C:\Users\Alejandra\Documents\Laboratoria\LIM010-fe-md-links\src\files-path.js
FN:4,(anonymous_0)
FN:13,(anonymous_1)
FN:17,(anonymous_2)
FN:29,(anonymous_3)
FN:31,(anonymous_4)
FNF:5
FNH:5
FNDA:2,(anonymous_0)
FNDA:3,(anonymous_1)
FNDA:5,(anonymous_2)
FNDA:1,(anonymous_3)
FNDA:8,(anonymous_4)
DA:1,1
DA:2,1
DA:4,1
DA:5,2
DA:6,2
DA:7,1
DA:9,1
DA:13,1
DA:14,3
DA:15,3
DA:16,3
DA:17,3
DA:18,5
DA:21,5
DA:24,3
DA:26,1
DA:29,1
DA:30,1
DA:31,1
DA:32,8
DA:33,3
DA:36,1
LF:22
LH:22
BRDA:18,0,0,0
BRDA:18,0,1,5
BRDA:21,1,0,2
BRDA:21,1,1,3
BRDA:32,2,0,3
BRDA:32,2,1,5
BRDA:32,3,0,8
BRDA:32,3,1,5
BRF:8
BRH:7
end_of_record
TN:
SF:C:\Users\Alejandra\Documents\Laboratoria\LIM010-fe-md-links\test\file-structure.js
FNF:0
FNH:0
DA:1,1
DA:12,1
LF:2
LH:2
BRF:0
BRH:0
end_of_record
