TN:
SF:C:\Users\Alejandra\Documents\Laboratoria\LIM010-fe-md-links-ale\src\main.js
FN:5,(anonymous_0)
FN:7,(anonymous_1)
FN:9,(anonymous_2)
FN:11,(anonymous_3)
FN:13,(anonymous_4)
FN:22,(anonymous_5)
FN:29,(anonymous_6)
FN:32,(anonymous_7)
FN:35,(anonymous_8)
FNF:9
FNH:9
FNDA:32,(anonymous_0)
FNDA:2,(anonymous_1)
FNDA:32,(anonymous_2)
FNDA:22,(anonymous_3)
FNDA:30,(anonymous_4)
FNDA:25,(anonymous_5)
FNDA:3,(anonymous_6)
FNDA:9,(anonymous_7)
FNDA:12,(anonymous_8)
DA:1,2
DA:2,2
DA:3,2
DA:5,32
DA:7,2
DA:9,32
DA:11,22
DA:13,2
DA:14,30
DA:15,30
DA:16,30
DA:17,20
DA:18,15
DA:21,10
DA:22,10
DA:23,25
DA:26,30
DA:29,2
DA:30,3
DA:31,3
DA:32,3
DA:33,9
DA:34,9
DA:35,9
DA:36,12
DA:42,9
DA:46,3
DA:49,2
LF:28
LH:28
BRDA:5,0,0,31
BRDA:5,0,1,1
BRDA:16,1,0,20
BRDA:16,1,1,10
BRDA:17,2,0,15
BRDA:17,2,1,5
BRF:6
BRH:6
end_of_record
TN:
SF:C:\Users\Alejandra\Documents\Laboratoria\LIM010-fe-md-links-ale\src\stats.js
FN:1,(anonymous_0)
FN:2,(anonymous_1)
FN:6,(anonymous_2)
FN:7,(anonymous_3)
FNF:4
FNH:4
FNDA:1,(anonymous_0)
FNDA:4,(anonymous_1)
FNDA:1,(anonymous_2)
FNDA:4,(anonymous_3)
DA:1,1
DA:2,4
DA:3,1
DA:6,1
DA:7,4
DA:8,1
DA:11,1
LF:7
LH:7
BRF:0
BRH:0
end_of_record
TN:
SF:C:\Users\Alejandra\Documents\Laboratoria\LIM010-fe-md-links-ale\src\validate.js
FN:4,(anonymous_0)
FN:6,(anonymous_1)
FN:7,(anonymous_2)
FN:21,(anonymous_3)
FNF:4
FNH:0
FNDA:0,(anonymous_0)
FNDA:0,(anonymous_1)
FNDA:0,(anonymous_2)
FNDA:0,(anonymous_3)
DA:1,1
DA:2,1
DA:4,1
DA:5,0
DA:6,0
DA:8,0
DA:9,0
DA:15,0
DA:21,0
DA:26,0
DA:29,1
LF:11
LH:4
BRDA:8,0,0,0
BRDA:8,0,1,0
BRDA:8,1,0,0
BRDA:8,1,1,0
BRF:4
BRH:0
end_of_record
